The system is: Linux - 3.10.0-957.27.2.el7.x86_64 - x86_64
Compiling the C compiler identification source file "CMakeCCompilerId.c" succeeded.
Compiler: /home/jsenouf/workspace/local/rez/packages/gcc/6.3.1/platform-linux/bin/gcc 
Build flags: 
Id flags:  

The output was:
0


Compilation of the C compiler identification source "CMakeCCompilerId.c" produced "a.out"

The C compiler identification is GNU, found in "/home/jsenouf/workspace/git/web/katana-ops/rez/build/platform-linux/CMakeFiles/3.15.3/CompilerIdC/a.out"

Compiling the CXX compiler identification source file "CMakeCXXCompilerId.cpp" succeeded.
Compiler: /home/jsenouf/workspace/local/rez/packages/gcc/6.3.1/platform-linux/bin/g++ 
Build flags: 
Id flags:  

The output was:
0


Compilation of the CXX compiler identification source "CMakeCXXCompilerId.cpp" produced "a.out"

The CXX compiler identification is GNU, found in "/home/jsenouf/workspace/git/web/katana-ops/rez/build/platform-linux/CMakeFiles/3.15.3/CompilerIdCXX/a.out"

Determining if the C compiler works passed with the following output:
Change Dir: /home/jsenouf/workspace/git/web/katana-ops/rez/build/platform-linux/CMakeFiles/CMakeTmp

Run Build Command(s):/usr/bin/gmake cmTC_79454/fast && /usr/bin/gmake -f CMakeFiles/cmTC_79454.dir/build.make CMakeFiles/cmTC_79454.dir/build
gmake[1]: Entering directory `/home/jsenouf/workspace/git/web/katana-ops/rez/build/platform-linux/CMakeFiles/CMakeTmp'
Building C object CMakeFiles/cmTC_79454.dir/testCCompiler.c.o
/home/jsenouf/workspace/local/rez/packages/gcc/6.3.1/platform-linux/bin/gcc    -o CMakeFiles/cmTC_79454.dir/testCCompiler.c.o   -c /home/jsenouf/workspace/git/web/katana-ops/rez/build/platform-linux/CMakeFiles/CMakeTmp/testCCompiler.c
Linking C executable cmTC_79454
/home/jsenouf/workspace/local/rez/packages/cmake/3.15.3/platform-linux/bin/cmake -E cmake_link_script CMakeFiles/cmTC_79454.dir/link.txt --verbose=1
/home/jsenouf/workspace/local/rez/packages/gcc/6.3.1/platform-linux/bin/gcc      -rdynamic CMakeFiles/cmTC_79454.dir/testCCompiler.c.o  -o cmTC_79454 
gmake[1]: Leaving directory `/home/jsenouf/workspace/git/web/katana-ops/rez/build/platform-linux/CMakeFiles/CMakeTmp'



Detecting C compiler ABI info compiled with the following output:
Change Dir: /home/jsenouf/workspace/git/web/katana-ops/rez/build/platform-linux/CMakeFiles/CMakeTmp

Run Build Command(s):/usr/bin/gmake cmTC_a58f1/fast && /usr/bin/gmake -f CMakeFiles/cmTC_a58f1.dir/build.make CMakeFiles/cmTC_a58f1.dir/build
gmake[1]: Entering directory `/home/jsenouf/workspace/git/web/katana-ops/rez/build/platform-linux/CMakeFiles/CMakeTmp'
Building C object CMakeFiles/cmTC_a58f1.dir/CMakeCCompilerABI.c.o
/home/jsenouf/workspace/local/rez/packages/gcc/6.3.1/platform-linux/bin/gcc   -v -o CMakeFiles/cmTC_a58f1.dir/CMakeCCompilerABI.c.o   -c /home/jsenouf/workspace/local/rez/packages/cmake/3.15.3/platform-linux/share/cmake-3.15/Modules/CMakeCCompilerABI.c
Using built-in specs.
COLLECT_GCC=/home/jsenouf/workspace/local/rez/packages/gcc/6.3.1/platform-linux/bin/gcc
Target: x86_64-pc-linux-gnu
Configured with: /tmp/rez/gcc/6.3.1/configure --prefix=/home/jsenouf/workspace/local/rez/packages/gcc/6.3.1/platform-linux --enable-languages=c,c++ --with-pic --disable-multilib --disable-bootstrap --enable-threads=posix
Thread model: posix
gcc version 6.3.1 20170216 (GCC) 
COLLECT_GCC_OPTIONS='-v' '-o' 'CMakeFiles/cmTC_a58f1.dir/CMakeCCompilerABI.c.o' '-c' '-mtune=generic' '-march=x86-64'
 /home/jsenouf/workspace/local/rez/packages/gcc/6.3.1/platform-linux/libexec/gcc/x86_64-pc-linux-gnu/6.3.1/cc1 -quiet -v /home/jsenouf/workspace/local/rez/packages/cmake/3.15.3/platform-linux/share/cmake-3.15/Modules/CMakeCCompilerABI.c -quiet -dumpbase CMakeCCompilerABI.c -mtune=generic -march=x86-64 -auxbase-strip CMakeFiles/cmTC_a58f1.dir/CMakeCCompilerABI.c.o -version -o /tmp/cciUUcnG.s
GNU C11 (GCC) version 6.3.1 20170216 (x86_64-pc-linux-gnu)
	compiled by GNU C version 4.8.5 20150623 (Red Hat 4.8.5-36), GMP version 6.1.0, MPFR version 3.1.4, MPC version 1.0.3, isl version 0.15
GGC heuristics: --param ggc-min-expand=100 --param ggc-min-heapsize=131072
ignoring nonexistent directory "/home/jsenouf/workspace/local/rez/packages/gcc/6.3.1/platform-linux/lib/gcc/x86_64-pc-linux-gnu/6.3.1/../../../../x86_64-pc-linux-gnu/include"
#include "..." search starts here:
#include <...> search starts here:
 /home/jsenouf/workspace/local/rez/packages/gcc/6.3.1/platform-linux/lib/gcc/x86_64-pc-linux-gnu/6.3.1/include
 /usr/local/include
 /home/jsenouf/workspace/local/rez/packages/gcc/6.3.1/platform-linux/include
 /home/jsenouf/workspace/local/rez/packages/gcc/6.3.1/platform-linux/lib/gcc/x86_64-pc-linux-gnu/6.3.1/include-fixed
 /usr/include
End of search list.
GNU C11 (GCC) version 6.3.1 20170216 (x86_64-pc-linux-gnu)
	compiled by GNU C version 4.8.5 20150623 (Red Hat 4.8.5-36), GMP version 6.1.0, MPFR version 3.1.4, MPC version 1.0.3, isl version 0.15
GGC heuristics: --param ggc-min-expand=100 --param ggc-min-heapsize=131072
Compiler executable checksum: d7625e0389d847b45d5caaa41759f495
COLLECT_GCC_OPTIONS='-v' '-o' 'CMakeFiles/cmTC_a58f1.dir/CMakeCCompilerABI.c.o' '-c' '-mtune=generic' '-march=x86-64'
 as -v --64 -o CMakeFiles/cmTC_a58f1.dir/CMakeCCompilerABI.c.o /tmp/cciUUcnG.s
GNU assembler version 2.27 (x86_64-redhat-linux) using BFD version version 2.27-34.base.el7
COMPILER_PATH=/home/jsenouf/workspace/local/rez/packages/gcc/6.3.1/platform-linux/libexec/gcc/x86_64-pc-linux-gnu/6.3.1/:/home/jsenouf/workspace/local/rez/packages/gcc/6.3.1/platform-linux/libexec/gcc/x86_64-pc-linux-gnu/6.3.1/:/home/jsenouf/workspace/local/rez/packages/gcc/6.3.1/platform-linux/libexec/gcc/x86_64-pc-linux-gnu/:/home/jsenouf/workspace/local/rez/packages/gcc/6.3.1/platform-linux/lib/gcc/x86_64-pc-linux-gnu/6.3.1/:/home/jsenouf/workspace/local/rez/packages/gcc/6.3.1/platform-linux/lib/gcc/x86_64-pc-linux-gnu/
LIBRARY_PATH=/home/jsenouf/workspace/local/rez/packages/gcc/6.3.1/platform-linux/lib/gcc/x86_64-pc-linux-gnu/6.3.1/:/home/jsenouf/workspace/local/rez/packages/gcc/6.3.1/platform-linux/lib/gcc/x86_64-pc-linux-gnu/6.3.1/../../../../lib64/:/lib/../lib64/:/usr/lib/../lib64/:/home/jsenouf/workspace/local/rez/packages/gcc/6.3.1/platform-linux/lib/gcc/x86_64-pc-linux-gnu/6.3.1/../../../:/lib/:/usr/lib/
COLLECT_GCC_OPTIONS='-v' '-o' 'CMakeFiles/cmTC_a58f1.dir/CMakeCCompilerABI.c.o' '-c' '-mtune=generic' '-march=x86-64'
Linking C executable cmTC_a58f1
/home/jsenouf/workspace/local/rez/packages/cmake/3.15.3/platform-linux/bin/cmake -E cmake_link_script CMakeFiles/cmTC_a58f1.dir/link.txt --verbose=1
/home/jsenouf/workspace/local/rez/packages/gcc/6.3.1/platform-linux/bin/gcc     -v -rdynamic CMakeFiles/cmTC_a58f1.dir/CMakeCCompilerABI.c.o  -o cmTC_a58f1 
Using built-in specs.
COLLECT_GCC=/home/jsenouf/workspace/local/rez/packages/gcc/6.3.1/platform-linux/bin/gcc
COLLECT_LTO_WRAPPER=/home/jsenouf/workspace/local/rez/packages/gcc/6.3.1/platform-linux/libexec/gcc/x86_64-pc-linux-gnu/6.3.1/lto-wrapper
Target: x86_64-pc-linux-gnu
Configured with: /tmp/rez/gcc/6.3.1/configure --prefix=/home/jsenouf/workspace/local/rez/packages/gcc/6.3.1/platform-linux --enable-languages=c,c++ --with-pic --disable-multilib --disable-bootstrap --enable-threads=posix
Thread model: posix
gcc version 6.3.1 20170216 (GCC) 
COMPILER_PATH=/home/jsenouf/workspace/local/rez/packages/gcc/6.3.1/platform-linux/libexec/gcc/x86_64-pc-linux-gnu/6.3.1/:/home/jsenouf/workspace/local/rez/packages/gcc/6.3.1/platform-linux/libexec/gcc/x86_64-pc-linux-gnu/6.3.1/:/home/jsenouf/workspace/local/rez/packages/gcc/6.3.1/platform-linux/libexec/gcc/x86_64-pc-linux-gnu/:/home/jsenouf/workspace/local/rez/packages/gcc/6.3.1/platform-linux/lib/gcc/x86_64-pc-linux-gnu/6.3.1/:/home/jsenouf/workspace/local/rez/packages/gcc/6.3.1/platform-linux/lib/gcc/x86_64-pc-linux-gnu/
LIBRARY_PATH=/home/jsenouf/workspace/local/rez/packages/gcc/6.3.1/platform-linux/lib/gcc/x86_64-pc-linux-gnu/6.3.1/:/home/jsenouf/workspace/local/rez/packages/gcc/6.3.1/platform-linux/lib/gcc/x86_64-pc-linux-gnu/6.3.1/../../../../lib64/:/lib/../lib64/:/usr/lib/../lib64/:/home/jsenouf/workspace/local/rez/packages/gcc/6.3.1/platform-linux/lib/gcc/x86_64-pc-linux-gnu/6.3.1/../../../:/lib/:/usr/lib/
COLLECT_GCC_OPTIONS='-v' '-rdynamic' '-o' 'cmTC_a58f1' '-mtune=generic' '-march=x86-64'
 /home/jsenouf/workspace/local/rez/packages/gcc/6.3.1/platform-linux/libexec/gcc/x86_64-pc-linux-gnu/6.3.1/collect2 -plugin /home/jsenouf/workspace/local/rez/packages/gcc/6.3.1/platform-linux/libexec/gcc/x86_64-pc-linux-gnu/6.3.1/liblto_plugin.so -plugin-opt=/home/jsenouf/workspace/local/rez/packages/gcc/6.3.1/platform-linux/libexec/gcc/x86_64-pc-linux-gnu/6.3.1/lto-wrapper -plugin-opt=-fresolution=/tmp/ccNaLvBL.res -plugin-opt=-pass-through=-lgcc -plugin-opt=-pass-through=-lgcc_s -plugin-opt=-pass-through=-lc -plugin-opt=-pass-through=-lgcc -plugin-opt=-pass-through=-lgcc_s --eh-frame-hdr -m elf_x86_64 -export-dynamic -dynamic-linker /lib64/ld-linux-x86-64.so.2 -o cmTC_a58f1 /lib/../lib64/crt1.o /lib/../lib64/crti.o /home/jsenouf/workspace/local/rez/packages/gcc/6.3.1/platform-linux/lib/gcc/x86_64-pc-linux-gnu/6.3.1/crtbegin.o -L/home/jsenouf/workspace/local/rez/packages/gcc/6.3.1/platform-linux/lib/gcc/x86_64-pc-linux-gnu/6.3.1 -L/home/jsenouf/workspace/local/rez/packages/gcc/6.3.1/platform-linux/lib/gcc/x86_64-pc-linux-gnu/6.3.1/../../../../lib64 -L/lib/../lib64 -L/usr/lib/../lib64 -L/home/jsenouf/workspace/local/rez/packages/gcc/6.3.1/platform-linux/lib/gcc/x86_64-pc-linux-gnu/6.3.1/../../.. CMakeFiles/cmTC_a58f1.dir/CMakeCCompilerABI.c.o -lgcc --as-needed -lgcc_s --no-as-needed -lc -lgcc --as-needed -lgcc_s --no-as-needed /home/jsenouf/workspace/local/rez/packages/gcc/6.3.1/platform-linux/lib/gcc/x86_64-pc-linux-gnu/6.3.1/crtend.o /lib/../lib64/crtn.o
COLLECT_GCC_OPTIONS='-v' '-rdynamic' '-o' 'cmTC_a58f1' '-mtune=generic' '-march=x86-64'
gmake[1]: Leaving directory `/home/jsenouf/workspace/git/web/katana-ops/rez/build/platform-linux/CMakeFiles/CMakeTmp'



Parsed C implicit include dir info from above output: rv=done
  found start of include info
  found start of implicit include info
    add: [/home/jsenouf/workspace/local/rez/packages/gcc/6.3.1/platform-linux/lib/gcc/x86_64-pc-linux-gnu/6.3.1/include]
    add: [/usr/local/include]
    add: [/home/jsenouf/workspace/local/rez/packages/gcc/6.3.1/platform-linux/include]
    add: [/home/jsenouf/workspace/local/rez/packages/gcc/6.3.1/platform-linux/lib/gcc/x86_64-pc-linux-gnu/6.3.1/include-fixed]
    add: [/usr/include]
  end of search list found
  collapse include dir [/home/jsenouf/workspace/local/rez/packages/gcc/6.3.1/platform-linux/lib/gcc/x86_64-pc-linux-gnu/6.3.1/include] ==> [/home/jsenouf/workspace/local/rez/packages/gcc/6.3.1/platform-linux/lib/gcc/x86_64-pc-linux-gnu/6.3.1/include]
  collapse include dir [/usr/local/include] ==> [/usr/local/include]
  collapse include dir [/home/jsenouf/workspace/local/rez/packages/gcc/6.3.1/platform-linux/include] ==> [/home/jsenouf/workspace/local/rez/packages/gcc/6.3.1/platform-linux/include]
  collapse include dir [/home/jsenouf/workspace/local/rez/packages/gcc/6.3.1/platform-linux/lib/gcc/x86_64-pc-linux-gnu/6.3.1/include-fixed] ==> [/home/jsenouf/workspace/local/rez/packages/gcc/6.3.1/platform-linux/lib/gcc/x86_64-pc-linux-gnu/6.3.1/include-fixed]
  collapse include dir [/usr/include] ==> [/usr/include]
  implicit include dirs: [/home/jsenouf/workspace/local/rez/packages/gcc/6.3.1/platform-linux/lib/gcc/x86_64-pc-linux-gnu/6.3.1/include;/usr/local/include;/home/jsenouf/workspace/local/rez/packages/gcc/6.3.1/platform-linux/include;/home/jsenouf/workspace/local/rez/packages/gcc/6.3.1/platform-linux/lib/gcc/x86_64-pc-linux-gnu/6.3.1/include-fixed;/usr/include]


Parsed C implicit link information from above output:
  link line regex: [^( *|.*[/\])(ld|CMAKE_LINK_STARTFILE-NOTFOUND|([^/\]+-)?ld|collect2)[^/\]*( |$)]
  ignore line: [Change Dir: /home/jsenouf/workspace/git/web/katana-ops/rez/build/platform-linux/CMakeFiles/CMakeTmp]
  ignore line: []
  ignore line: [Run Build Command(s):/usr/bin/gmake cmTC_a58f1/fast && /usr/bin/gmake -f CMakeFiles/cmTC_a58f1.dir/build.make CMakeFiles/cmTC_a58f1.dir/build]
  ignore line: [gmake[1]: Entering directory `/home/jsenouf/workspace/git/web/katana-ops/rez/build/platform-linux/CMakeFiles/CMakeTmp']
  ignore line: [Building C object CMakeFiles/cmTC_a58f1.dir/CMakeCCompilerABI.c.o]
  ignore line: [/home/jsenouf/workspace/local/rez/packages/gcc/6.3.1/platform-linux/bin/gcc   -v -o CMakeFiles/cmTC_a58f1.dir/CMakeCCompilerABI.c.o   -c /home/jsenouf/workspace/local/rez/packages/cmake/3.15.3/platform-linux/share/cmake-3.15/Modules/CMakeCCompilerABI.c]
  ignore line: [Using built-in specs.]
  ignore line: [COLLECT_GCC=/home/jsenouf/workspace/local/rez/packages/gcc/6.3.1/platform-linux/bin/gcc]
  ignore line: [Target: x86_64-pc-linux-gnu]
  ignore line: [Configured with: /tmp/rez/gcc/6.3.1/configure --prefix=/home/jsenouf/workspace/local/rez/packages/gcc/6.3.1/platform-linux --enable-languages=c,c++ --with-pic --disable-multilib --disable-bootstrap --enable-threads=posix]
  ignore line: [Thread model: posix]
  ignore line: [gcc version 6.3.1 20170216 (GCC) ]
  ignore line: [COLLECT_GCC_OPTIONS='-v' '-o' 'CMakeFiles/cmTC_a58f1.dir/CMakeCCompilerABI.c.o' '-c' '-mtune=generic' '-march=x86-64']
  ignore line: [ /home/jsenouf/workspace/local/rez/packages/gcc/6.3.1/platform-linux/libexec/gcc/x86_64-pc-linux-gnu/6.3.1/cc1 -quiet -v /home/jsenouf/workspace/local/rez/packages/cmake/3.15.3/platform-linux/share/cmake-3.15/Modules/CMakeCCompilerABI.c -quiet -dumpbase CMakeCCompilerABI.c -mtune=generic -march=x86-64 -auxbase-strip CMakeFiles/cmTC_a58f1.dir/CMakeCCompilerABI.c.o -version -o /tmp/cciUUcnG.s]
  ignore line: [GNU C11 (GCC) version 6.3.1 20170216 (x86_64-pc-linux-gnu)]
  ignore line: [	compiled by GNU C version 4.8.5 20150623 (Red Hat 4.8.5-36), GMP version 6.1.0, MPFR version 3.1.4, MPC version 1.0.3, isl version 0.15]
  ignore line: [GGC heuristics: --param ggc-min-expand=100 --param ggc-min-heapsize=131072]
  ignore line: [ignoring nonexistent directory "/home/jsenouf/workspace/local/rez/packages/gcc/6.3.1/platform-linux/lib/gcc/x86_64-pc-linux-gnu/6.3.1/../../../../x86_64-pc-linux-gnu/include"]
  ignore line: [#include "..." search starts here:]
  ignore line: [#include <...> search starts here:]
  ignore line: [ /home/jsenouf/workspace/local/rez/packages/gcc/6.3.1/platform-linux/lib/gcc/x86_64-pc-linux-gnu/6.3.1/include]
  ignore line: [ /usr/local/include]
  ignore line: [ /home/jsenouf/workspace/local/rez/packages/gcc/6.3.1/platform-linux/include]
  ignore line: [ /home/jsenouf/workspace/local/rez/packages/gcc/6.3.1/platform-linux/lib/gcc/x86_64-pc-linux-gnu/6.3.1/include-fixed]
  ignore line: [ /usr/include]
  ignore line: [End of search list.]
  ignore line: [GNU C11 (GCC) version 6.3.1 20170216 (x86_64-pc-linux-gnu)]
  ignore line: [	compiled by GNU C version 4.8.5 20150623 (Red Hat 4.8.5-36), GMP version 6.1.0, MPFR version 3.1.4, MPC version 1.0.3, isl version 0.15]
  ignore line: [GGC heuristics: --param ggc-min-expand=100 --param ggc-min-heapsize=131072]
  ignore line: [Compiler executable checksum: d7625e0389d847b45d5caaa41759f495]
  ignore line: [COLLECT_GCC_OPTIONS='-v' '-o' 'CMakeFiles/cmTC_a58f1.dir/CMakeCCompilerABI.c.o' '-c' '-mtune=generic' '-march=x86-64']
  ignore line: [ as -v --64 -o CMakeFiles/cmTC_a58f1.dir/CMakeCCompilerABI.c.o /tmp/cciUUcnG.s]
  ignore line: [GNU assembler version 2.27 (x86_64-redhat-linux) using BFD version version 2.27-34.base.el7]
  ignore line: [COMPILER_PATH=/home/jsenouf/workspace/local/rez/packages/gcc/6.3.1/platform-linux/libexec/gcc/x86_64-pc-linux-gnu/6.3.1/:/home/jsenouf/workspace/local/rez/packages/gcc/6.3.1/platform-linux/libexec/gcc/x86_64-pc-linux-gnu/6.3.1/:/home/jsenouf/workspace/local/rez/packages/gcc/6.3.1/platform-linux/libexec/gcc/x86_64-pc-linux-gnu/:/home/jsenouf/workspace/local/rez/packages/gcc/6.3.1/platform-linux/lib/gcc/x86_64-pc-linux-gnu/6.3.1/:/home/jsenouf/workspace/local/rez/packages/gcc/6.3.1/platform-linux/lib/gcc/x86_64-pc-linux-gnu/]
  ignore line: [LIBRARY_PATH=/home/jsenouf/workspace/local/rez/packages/gcc/6.3.1/platform-linux/lib/gcc/x86_64-pc-linux-gnu/6.3.1/:/home/jsenouf/workspace/local/rez/packages/gcc/6.3.1/platform-linux/lib/gcc/x86_64-pc-linux-gnu/6.3.1/../../../../lib64/:/lib/../lib64/:/usr/lib/../lib64/:/home/jsenouf/workspace/local/rez/packages/gcc/6.3.1/platform-linux/lib/gcc/x86_64-pc-linux-gnu/6.3.1/../../../:/lib/:/usr/lib/]
  ignore line: [COLLECT_GCC_OPTIONS='-v' '-o' 'CMakeFiles/cmTC_a58f1.dir/CMakeCCompilerABI.c.o' '-c' '-mtune=generic' '-march=x86-64']
  ignore line: [Linking C executable cmTC_a58f1]
  ignore line: [/home/jsenouf/workspace/local/rez/packages/cmake/3.15.3/platform-linux/bin/cmake -E cmake_link_script CMakeFiles/cmTC_a58f1.dir/link.txt --verbose=1]
  ignore line: [/home/jsenouf/workspace/local/rez/packages/gcc/6.3.1/platform-linux/bin/gcc     -v -rdynamic CMakeFiles/cmTC_a58f1.dir/CMakeCCompilerABI.c.o  -o cmTC_a58f1 ]
  ignore line: [Using built-in specs.]
  ignore line: [COLLECT_GCC=/home/jsenouf/workspace/local/rez/packages/gcc/6.3.1/platform-linux/bin/gcc]
  ignore line: [COLLECT_LTO_WRAPPER=/home/jsenouf/workspace/local/rez/packages/gcc/6.3.1/platform-linux/libexec/gcc/x86_64-pc-linux-gnu/6.3.1/lto-wrapper]
  ignore line: [Target: x86_64-pc-linux-gnu]
  ignore line: [Configured with: /tmp/rez/gcc/6.3.1/configure --prefix=/home/jsenouf/workspace/local/rez/packages/gcc/6.3.1/platform-linux --enable-languages=c,c++ --with-pic --disable-multilib --disable-bootstrap --enable-threads=posix]
  ignore line: [Thread model: posix]
  ignore line: [gcc version 6.3.1 20170216 (GCC) ]
  ignore line: [COMPILER_PATH=/home/jsenouf/workspace/local/rez/packages/gcc/6.3.1/platform-linux/libexec/gcc/x86_64-pc-linux-gnu/6.3.1/:/home/jsenouf/workspace/local/rez/packages/gcc/6.3.1/platform-linux/libexec/gcc/x86_64-pc-linux-gnu/6.3.1/:/home/jsenouf/workspace/local/rez/packages/gcc/6.3.1/platform-linux/libexec/gcc/x86_64-pc-linux-gnu/:/home/jsenouf/workspace/local/rez/packages/gcc/6.3.1/platform-linux/lib/gcc/x86_64-pc-linux-gnu/6.3.1/:/home/jsenouf/workspace/local/rez/packages/gcc/6.3.1/platform-linux/lib/gcc/x86_64-pc-linux-gnu/]
  ignore line: [LIBRARY_PATH=/home/jsenouf/workspace/local/rez/packages/gcc/6.3.1/platform-linux/lib/gcc/x86_64-pc-linux-gnu/6.3.1/:/home/jsenouf/workspace/local/rez/packages/gcc/6.3.1/platform-linux/lib/gcc/x86_64-pc-linux-gnu/6.3.1/../../../../lib64/:/lib/../lib64/:/usr/lib/../lib64/:/home/jsenouf/workspace/local/rez/packages/gcc/6.3.1/platform-linux/lib/gcc/x86_64-pc-linux-gnu/6.3.1/../../../:/lib/:/usr/lib/]
  ignore line: [COLLECT_GCC_OPTIONS='-v' '-rdynamic' '-o' 'cmTC_a58f1' '-mtune=generic' '-march=x86-64']
  link line: [ /home/jsenouf/workspace/local/rez/packages/gcc/6.3.1/platform-linux/libexec/gcc/x86_64-pc-linux-gnu/6.3.1/collect2 -plugin /home/jsenouf/workspace/local/rez/packages/gcc/6.3.1/platform-linux/libexec/gcc/x86_64-pc-linux-gnu/6.3.1/liblto_plugin.so -plugin-opt=/home/jsenouf/workspace/local/rez/packages/gcc/6.3.1/platform-linux/libexec/gcc/x86_64-pc-linux-gnu/6.3.1/lto-wrapper -plugin-opt=-fresolution=/tmp/ccNaLvBL.res -plugin-opt=-pass-through=-lgcc -plugin-opt=-pass-through=-lgcc_s -plugin-opt=-pass-through=-lc -plugin-opt=-pass-through=-lgcc -plugin-opt=-pass-through=-lgcc_s --eh-frame-hdr -m elf_x86_64 -export-dynamic -dynamic-linker /lib64/ld-linux-x86-64.so.2 -o cmTC_a58f1 /lib/../lib64/crt1.o /lib/../lib64/crti.o /home/jsenouf/workspace/local/rez/packages/gcc/6.3.1/platform-linux/lib/gcc/x86_64-pc-linux-gnu/6.3.1/crtbegin.o -L/home/jsenouf/workspace/local/rez/packages/gcc/6.3.1/platform-linux/lib/gcc/x86_64-pc-linux-gnu/6.3.1 -L/home/jsenouf/workspace/local/rez/packages/gcc/6.3.1/platform-linux/lib/gcc/x86_64-pc-linux-gnu/6.3.1/../../../../lib64 -L/lib/../lib64 -L/usr/lib/../lib64 -L/home/jsenouf/workspace/local/rez/packages/gcc/6.3.1/platform-linux/lib/gcc/x86_64-pc-linux-gnu/6.3.1/../../.. CMakeFiles/cmTC_a58f1.dir/CMakeCCompilerABI.c.o -lgcc --as-needed -lgcc_s --no-as-needed -lc -lgcc --as-needed -lgcc_s --no-as-needed /home/jsenouf/workspace/local/rez/packages/gcc/6.3.1/platform-linux/lib/gcc/x86_64-pc-linux-gnu/6.3.1/crtend.o /lib/../lib64/crtn.o]
    arg [/home/jsenouf/workspace/local/rez/packages/gcc/6.3.1/platform-linux/libexec/gcc/x86_64-pc-linux-gnu/6.3.1/collect2] ==> ignore
    arg [-plugin] ==> ignore
    arg [/home/jsenouf/workspace/local/rez/packages/gcc/6.3.1/platform-linux/libexec/gcc/x86_64-pc-linux-gnu/6.3.1/liblto_plugin.so] ==> ignore
    arg [-plugin-opt=/home/jsenouf/workspace/local/rez/packages/gcc/6.3.1/platform-linux/libexec/gcc/x86_64-pc-linux-gnu/6.3.1/lto-wrapper] ==> ignore
    arg [-plugin-opt=-fresolution=/tmp/ccNaLvBL.res] ==> ignore
    arg [-plugin-opt=-pass-through=-lgcc] ==> ignore
    arg [-plugin-opt=-pass-through=-lgcc_s] ==> ignore
    arg [-plugin-opt=-pass-through=-lc] ==> ignore
    arg [-plugin-opt=-pass-through=-lgcc] ==> ignore
    arg [-plugin-opt=-pass-through=-lgcc_s] ==> ignore
    arg [--eh-frame-hdr] ==> ignore
    arg [-m] ==> ignore
    arg [elf_x86_64] ==> ignore
    arg [-export-dynamic] ==> ignore
    arg [-dynamic-linker] ==> ignore
    arg [/lib64/ld-linux-x86-64.so.2] ==> ignore
    arg [-o] ==> ignore
    arg [cmTC_a58f1] ==> ignore
    arg [/lib/../lib64/crt1.o] ==> ignore
    arg [/lib/../lib64/crti.o] ==> ignore
    arg [/home/jsenouf/workspace/local/rez/packages/gcc/6.3.1/platform-linux/lib/gcc/x86_64-pc-linux-gnu/6.3.1/crtbegin.o] ==> ignore
    arg [-L/home/jsenouf/workspace/local/rez/packages/gcc/6.3.1/platform-linux/lib/gcc/x86_64-pc-linux-gnu/6.3.1] ==> dir [/home/jsenouf/workspace/local/rez/packages/gcc/6.3.1/platform-linux/lib/gcc/x86_64-pc-linux-gnu/6.3.1]
    arg [-L/home/jsenouf/workspace/local/rez/packages/gcc/6.3.1/platform-linux/lib/gcc/x86_64-pc-linux-gnu/6.3.1/../../../../lib64] ==> dir [/home/jsenouf/workspace/local/rez/packages/gcc/6.3.1/platform-linux/lib/gcc/x86_64-pc-linux-gnu/6.3.1/../../../../lib64]
    arg [-L/lib/../lib64] ==> dir [/lib/../lib64]
    arg [-L/usr/lib/../lib64] ==> dir [/usr/lib/../lib64]
    arg [-L/home/jsenouf/workspace/local/rez/packages/gcc/6.3.1/platform-linux/lib/gcc/x86_64-pc-linux-gnu/6.3.1/../../..] ==> dir [/home/jsenouf/workspace/local/rez/packages/gcc/6.3.1/platform-linux/lib/gcc/x86_64-pc-linux-gnu/6.3.1/../../..]
    arg [CMakeFiles/cmTC_a58f1.dir/CMakeCCompilerABI.c.o] ==> ignore
    arg [-lgcc] ==> lib [gcc]
    arg [--as-needed] ==> ignore
    arg [-lgcc_s] ==> lib [gcc_s]
    arg [--no-as-needed] ==> ignore
    arg [-lc] ==> lib [c]
    arg [-lgcc] ==> lib [gcc]
    arg [--as-needed] ==> ignore
    arg [-lgcc_s] ==> lib [gcc_s]
    arg [--no-as-needed] ==> ignore
    arg [/home/jsenouf/workspace/local/rez/packages/gcc/6.3.1/platform-linux/lib/gcc/x86_64-pc-linux-gnu/6.3.1/crtend.o] ==> ignore
    arg [/lib/../lib64/crtn.o] ==> ignore
  collapse library dir [/home/jsenouf/workspace/local/rez/packages/gcc/6.3.1/platform-linux/lib/gcc/x86_64-pc-linux-gnu/6.3.1] ==> [/home/jsenouf/workspace/local/rez/packages/gcc/6.3.1/platform-linux/lib/gcc/x86_64-pc-linux-gnu/6.3.1]
  collapse library dir [/home/jsenouf/workspace/local/rez/packages/gcc/6.3.1/platform-linux/lib/gcc/x86_64-pc-linux-gnu/6.3.1/../../../../lib64] ==> [/home/jsenouf/workspace/local/rez/packages/gcc/6.3.1/platform-linux/lib64]
  collapse library dir [/lib/../lib64] ==> [/lib64]
  collapse library dir [/usr/lib/../lib64] ==> [/usr/lib64]
  collapse library dir [/home/jsenouf/workspace/local/rez/packages/gcc/6.3.1/platform-linux/lib/gcc/x86_64-pc-linux-gnu/6.3.1/../../..] ==> [/home/jsenouf/workspace/local/rez/packages/gcc/6.3.1/platform-linux/lib]
  implicit libs: [gcc;gcc_s;c;gcc;gcc_s]
  implicit dirs: [/home/jsenouf/workspace/local/rez/packages/gcc/6.3.1/platform-linux/lib/gcc/x86_64-pc-linux-gnu/6.3.1;/home/jsenouf/workspace/local/rez/packages/gcc/6.3.1/platform-linux/lib64;/lib64;/usr/lib64;/home/jsenouf/workspace/local/rez/packages/gcc/6.3.1/platform-linux/lib]
  implicit fwks: []


Determining if the CXX compiler works passed with the following output:
Change Dir: /home/jsenouf/workspace/git/web/katana-ops/rez/build/platform-linux/CMakeFiles/CMakeTmp

Run Build Command(s):/usr/bin/gmake cmTC_13281/fast && /usr/bin/gmake -f CMakeFiles/cmTC_13281.dir/build.make CMakeFiles/cmTC_13281.dir/build
gmake[1]: Entering directory `/home/jsenouf/workspace/git/web/katana-ops/rez/build/platform-linux/CMakeFiles/CMakeTmp'
Building CXX object CMakeFiles/cmTC_13281.dir/testCXXCompiler.cxx.o
/home/jsenouf/workspace/local/rez/packages/gcc/6.3.1/platform-linux/bin/g++     -o CMakeFiles/cmTC_13281.dir/testCXXCompiler.cxx.o -c /home/jsenouf/workspace/git/web/katana-ops/rez/build/platform-linux/CMakeFiles/CMakeTmp/testCXXCompiler.cxx
Linking CXX executable cmTC_13281
/home/jsenouf/workspace/local/rez/packages/cmake/3.15.3/platform-linux/bin/cmake -E cmake_link_script CMakeFiles/cmTC_13281.dir/link.txt --verbose=1
/home/jsenouf/workspace/local/rez/packages/gcc/6.3.1/platform-linux/bin/g++       -rdynamic CMakeFiles/cmTC_13281.dir/testCXXCompiler.cxx.o  -o cmTC_13281 
gmake[1]: Leaving directory `/home/jsenouf/workspace/git/web/katana-ops/rez/build/platform-linux/CMakeFiles/CMakeTmp'



Detecting CXX compiler ABI info compiled with the following output:
Change Dir: /home/jsenouf/workspace/git/web/katana-ops/rez/build/platform-linux/CMakeFiles/CMakeTmp

Run Build Command(s):/usr/bin/gmake cmTC_446be/fast && /usr/bin/gmake -f CMakeFiles/cmTC_446be.dir/build.make CMakeFiles/cmTC_446be.dir/build
gmake[1]: Entering directory `/home/jsenouf/workspace/git/web/katana-ops/rez/build/platform-linux/CMakeFiles/CMakeTmp'
Building CXX object CMakeFiles/cmTC_446be.dir/CMakeCXXCompilerABI.cpp.o
/home/jsenouf/workspace/local/rez/packages/gcc/6.3.1/platform-linux/bin/g++    -v -o CMakeFiles/cmTC_446be.dir/CMakeCXXCompilerABI.cpp.o -c /home/jsenouf/workspace/local/rez/packages/cmake/3.15.3/platform-linux/share/cmake-3.15/Modules/CMakeCXXCompilerABI.cpp
Using built-in specs.
COLLECT_GCC=/home/jsenouf/workspace/local/rez/packages/gcc/6.3.1/platform-linux/bin/g++
Target: x86_64-pc-linux-gnu
Configured with: /tmp/rez/gcc/6.3.1/configure --prefix=/home/jsenouf/workspace/local/rez/packages/gcc/6.3.1/platform-linux --enable-languages=c,c++ --with-pic --disable-multilib --disable-bootstrap --enable-threads=posix
Thread model: posix
gcc version 6.3.1 20170216 (GCC) 
COLLECT_GCC_OPTIONS='-v' '-o' 'CMakeFiles/cmTC_446be.dir/CMakeCXXCompilerABI.cpp.o' '-c' '-shared-libgcc' '-mtune=generic' '-march=x86-64'
 /home/jsenouf/workspace/local/rez/packages/gcc/6.3.1/platform-linux/libexec/gcc/x86_64-pc-linux-gnu/6.3.1/cc1plus -quiet -v -D_GNU_SOURCE /home/jsenouf/workspace/local/rez/packages/cmake/3.15.3/platform-linux/share/cmake-3.15/Modules/CMakeCXXCompilerABI.cpp -quiet -dumpbase CMakeCXXCompilerABI.cpp -mtune=generic -march=x86-64 -auxbase-strip CMakeFiles/cmTC_446be.dir/CMakeCXXCompilerABI.cpp.o -version -o /tmp/ccCAdKcb.s
GNU C++14 (GCC) version 6.3.1 20170216 (x86_64-pc-linux-gnu)
	compiled by GNU C version 4.8.5 20150623 (Red Hat 4.8.5-36), GMP version 6.1.0, MPFR version 3.1.4, MPC version 1.0.3, isl version 0.15
GGC heuristics: --param ggc-min-expand=100 --param ggc-min-heapsize=131072
ignoring nonexistent directory "/home/jsenouf/workspace/local/rez/packages/gcc/6.3.1/platform-linux/lib/gcc/x86_64-pc-linux-gnu/6.3.1/../../../../x86_64-pc-linux-gnu/include"
#include "..." search starts here:
#include <...> search starts here:
 /home/jsenouf/workspace/local/rez/packages/gcc/6.3.1/platform-linux/lib/gcc/x86_64-pc-linux-gnu/6.3.1/../../../../include/c++/6.3.1
 /home/jsenouf/workspace/local/rez/packages/gcc/6.3.1/platform-linux/lib/gcc/x86_64-pc-linux-gnu/6.3.1/../../../../include/c++/6.3.1/x86_64-pc-linux-gnu
 /home/jsenouf/workspace/local/rez/packages/gcc/6.3.1/platform-linux/lib/gcc/x86_64-pc-linux-gnu/6.3.1/../../../../include/c++/6.3.1/backward
 /home/jsenouf/workspace/local/rez/packages/gcc/6.3.1/platform-linux/lib/gcc/x86_64-pc-linux-gnu/6.3.1/include
 /usr/local/include
 /home/jsenouf/workspace/local/rez/packages/gcc/6.3.1/platform-linux/include
 /home/jsenouf/workspace/local/rez/packages/gcc/6.3.1/platform-linux/lib/gcc/x86_64-pc-linux-gnu/6.3.1/include-fixed
 /usr/include
End of search list.
GNU C++14 (GCC) version 6.3.1 20170216 (x86_64-pc-linux-gnu)
	compiled by GNU C version 4.8.5 20150623 (Red Hat 4.8.5-36), GMP version 6.1.0, MPFR version 3.1.4, MPC version 1.0.3, isl version 0.15
GGC heuristics: --param ggc-min-expand=100 --param ggc-min-heapsize=131072
Compiler executable checksum: 08cf5117915a62051f6bdf3e2e0f498c
COLLECT_GCC_OPTIONS='-v' '-o' 'CMakeFiles/cmTC_446be.dir/CMakeCXXCompilerABI.cpp.o' '-c' '-shared-libgcc' '-mtune=generic' '-march=x86-64'
 as -v --64 -o CMakeFiles/cmTC_446be.dir/CMakeCXXCompilerABI.cpp.o /tmp/ccCAdKcb.s
GNU assembler version 2.27 (x86_64-redhat-linux) using BFD version version 2.27-34.base.el7
COMPILER_PATH=/home/jsenouf/workspace/local/rez/packages/gcc/6.3.1/platform-linux/libexec/gcc/x86_64-pc-linux-gnu/6.3.1/:/home/jsenouf/workspace/local/rez/packages/gcc/6.3.1/platform-linux/libexec/gcc/x86_64-pc-linux-gnu/6.3.1/:/home/jsenouf/workspace/local/rez/packages/gcc/6.3.1/platform-linux/libexec/gcc/x86_64-pc-linux-gnu/:/home/jsenouf/workspace/local/rez/packages/gcc/6.3.1/platform-linux/lib/gcc/x86_64-pc-linux-gnu/6.3.1/:/home/jsenouf/workspace/local/rez/packages/gcc/6.3.1/platform-linux/lib/gcc/x86_64-pc-linux-gnu/
LIBRARY_PATH=/home/jsenouf/workspace/local/rez/packages/gcc/6.3.1/platform-linux/lib/gcc/x86_64-pc-linux-gnu/6.3.1/:/home/jsenouf/workspace/local/rez/packages/gcc/6.3.1/platform-linux/lib/gcc/x86_64-pc-linux-gnu/6.3.1/../../../../lib64/:/lib/../lib64/:/usr/lib/../lib64/:/home/jsenouf/workspace/local/rez/packages/gcc/6.3.1/platform-linux/lib/gcc/x86_64-pc-linux-gnu/6.3.1/../../../:/lib/:/usr/lib/
COLLECT_GCC_OPTIONS='-v' '-o' 'CMakeFiles/cmTC_446be.dir/CMakeCXXCompilerABI.cpp.o' '-c' '-shared-libgcc' '-mtune=generic' '-march=x86-64'
Linking CXX executable cmTC_446be
/home/jsenouf/workspace/local/rez/packages/cmake/3.15.3/platform-linux/bin/cmake -E cmake_link_script CMakeFiles/cmTC_446be.dir/link.txt --verbose=1
/home/jsenouf/workspace/local/rez/packages/gcc/6.3.1/platform-linux/bin/g++      -v -rdynamic CMakeFiles/cmTC_446be.dir/CMakeCXXCompilerABI.cpp.o  -o cmTC_446be 
Using built-in specs.
COLLECT_GCC=/home/jsenouf/workspace/local/rez/packages/gcc/6.3.1/platform-linux/bin/g++
COLLECT_LTO_WRAPPER=/home/jsenouf/workspace/local/rez/packages/gcc/6.3.1/platform-linux/libexec/gcc/x86_64-pc-linux-gnu/6.3.1/lto-wrapper
Target: x86_64-pc-linux-gnu
Configured with: /tmp/rez/gcc/6.3.1/configure --prefix=/home/jsenouf/workspace/local/rez/packages/gcc/6.3.1/platform-linux --enable-languages=c,c++ --with-pic --disable-multilib --disable-bootstrap --enable-threads=posix
Thread model: posix
gcc version 6.3.1 20170216 (GCC) 
COMPILER_PATH=/home/jsenouf/workspace/local/rez/packages/gcc/6.3.1/platform-linux/libexec/gcc/x86_64-pc-linux-gnu/6.3.1/:/home/jsenouf/workspace/local/rez/packages/gcc/6.3.1/platform-linux/libexec/gcc/x86_64-pc-linux-gnu/6.3.1/:/home/jsenouf/workspace/local/rez/packages/gcc/6.3.1/platform-linux/libexec/gcc/x86_64-pc-linux-gnu/:/home/jsenouf/workspace/local/rez/packages/gcc/6.3.1/platform-linux/lib/gcc/x86_64-pc-linux-gnu/6.3.1/:/home/jsenouf/workspace/local/rez/packages/gcc/6.3.1/platform-linux/lib/gcc/x86_64-pc-linux-gnu/
LIBRARY_PATH=/home/jsenouf/workspace/local/rez/packages/gcc/6.3.1/platform-linux/lib/gcc/x86_64-pc-linux-gnu/6.3.1/:/home/jsenouf/workspace/local/rez/packages/gcc/6.3.1/platform-linux/lib/gcc/x86_64-pc-linux-gnu/6.3.1/../../../../lib64/:/lib/../lib64/:/usr/lib/../lib64/:/home/jsenouf/workspace/local/rez/packages/gcc/6.3.1/platform-linux/lib/gcc/x86_64-pc-linux-gnu/6.3.1/../../../:/lib/:/usr/lib/
COLLECT_GCC_OPTIONS='-v' '-rdynamic' '-o' 'cmTC_446be' '-shared-libgcc' '-mtune=generic' '-march=x86-64'
 /home/jsenouf/workspace/local/rez/packages/gcc/6.3.1/platform-linux/libexec/gcc/x86_64-pc-linux-gnu/6.3.1/collect2 -plugin /home/jsenouf/workspace/local/rez/packages/gcc/6.3.1/platform-linux/libexec/gcc/x86_64-pc-linux-gnu/6.3.1/liblto_plugin.so -plugin-opt=/home/jsenouf/workspace/local/rez/packages/gcc/6.3.1/platform-linux/libexec/gcc/x86_64-pc-linux-gnu/6.3.1/lto-wrapper -plugin-opt=-fresolution=/tmp/ccVGff6c.res -plugin-opt=-pass-through=-lgcc_s -plugin-opt=-pass-through=-lgcc -plugin-opt=-pass-through=-lc -plugin-opt=-pass-through=-lgcc_s -plugin-opt=-pass-through=-lgcc --eh-frame-hdr -m elf_x86_64 -export-dynamic -dynamic-linker /lib64/ld-linux-x86-64.so.2 -o cmTC_446be /lib/../lib64/crt1.o /lib/../lib64/crti.o /home/jsenouf/workspace/local/rez/packages/gcc/6.3.1/platform-linux/lib/gcc/x86_64-pc-linux-gnu/6.3.1/crtbegin.o -L/home/jsenouf/workspace/local/rez/packages/gcc/6.3.1/platform-linux/lib/gcc/x86_64-pc-linux-gnu/6.3.1 -L/home/jsenouf/workspace/local/rez/packages/gcc/6.3.1/platform-linux/lib/gcc/x86_64-pc-linux-gnu/6.3.1/../../../../lib64 -L/lib/../lib64 -L/usr/lib/../lib64 -L/home/jsenouf/workspace/local/rez/packages/gcc/6.3.1/platform-linux/lib/gcc/x86_64-pc-linux-gnu/6.3.1/../../.. CMakeFiles/cmTC_446be.dir/CMakeCXXCompilerABI.cpp.o -lstdc++ -lm -lgcc_s -lgcc -lc -lgcc_s -lgcc /home/jsenouf/workspace/local/rez/packages/gcc/6.3.1/platform-linux/lib/gcc/x86_64-pc-linux-gnu/6.3.1/crtend.o /lib/../lib64/crtn.o
COLLECT_GCC_OPTIONS='-v' '-rdynamic' '-o' 'cmTC_446be' '-shared-libgcc' '-mtune=generic' '-march=x86-64'
gmake[1]: Leaving directory `/home/jsenouf/workspace/git/web/katana-ops/rez/build/platform-linux/CMakeFiles/CMakeTmp'



Parsed CXX implicit include dir info from above output: rv=done
  found start of include info
  found start of implicit include info
    add: [/home/jsenouf/workspace/local/rez/packages/gcc/6.3.1/platform-linux/lib/gcc/x86_64-pc-linux-gnu/6.3.1/../../../../include/c++/6.3.1]
    add: [/home/jsenouf/workspace/local/rez/packages/gcc/6.3.1/platform-linux/lib/gcc/x86_64-pc-linux-gnu/6.3.1/../../../../include/c++/6.3.1/x86_64-pc-linux-gnu]
    add: [/home/jsenouf/workspace/local/rez/packages/gcc/6.3.1/platform-linux/lib/gcc/x86_64-pc-linux-gnu/6.3.1/../../../../include/c++/6.3.1/backward]
    add: [/home/jsenouf/workspace/local/rez/packages/gcc/6.3.1/platform-linux/lib/gcc/x86_64-pc-linux-gnu/6.3.1/include]
    add: [/usr/local/include]
    add: [/home/jsenouf/workspace/local/rez/packages/gcc/6.3.1/platform-linux/include]
    add: [/home/jsenouf/workspace/local/rez/packages/gcc/6.3.1/platform-linux/lib/gcc/x86_64-pc-linux-gnu/6.3.1/include-fixed]
    add: [/usr/include]
  end of search list found
  collapse include dir [/home/jsenouf/workspace/local/rez/packages/gcc/6.3.1/platform-linux/lib/gcc/x86_64-pc-linux-gnu/6.3.1/../../../../include/c++/6.3.1] ==> [/home/jsenouf/workspace/local/rez/packages/gcc/6.3.1/platform-linux/include/c++/6.3.1]
  collapse include dir [/home/jsenouf/workspace/local/rez/packages/gcc/6.3.1/platform-linux/lib/gcc/x86_64-pc-linux-gnu/6.3.1/../../../../include/c++/6.3.1/x86_64-pc-linux-gnu] ==> [/home/jsenouf/workspace/local/rez/packages/gcc/6.3.1/platform-linux/include/c++/6.3.1/x86_64-pc-linux-gnu]
  collapse include dir [/home/jsenouf/workspace/local/rez/packages/gcc/6.3.1/platform-linux/lib/gcc/x86_64-pc-linux-gnu/6.3.1/../../../../include/c++/6.3.1/backward] ==> [/home/jsenouf/workspace/local/rez/packages/gcc/6.3.1/platform-linux/include/c++/6.3.1/backward]
  collapse include dir [/home/jsenouf/workspace/local/rez/packages/gcc/6.3.1/platform-linux/lib/gcc/x86_64-pc-linux-gnu/6.3.1/include] ==> [/home/jsenouf/workspace/local/rez/packages/gcc/6.3.1/platform-linux/lib/gcc/x86_64-pc-linux-gnu/6.3.1/include]
  collapse include dir [/usr/local/include] ==> [/usr/local/include]
  collapse include dir [/home/jsenouf/workspace/local/rez/packages/gcc/6.3.1/platform-linux/include] ==> [/home/jsenouf/workspace/local/rez/packages/gcc/6.3.1/platform-linux/include]
  collapse include dir [/home/jsenouf/workspace/local/rez/packages/gcc/6.3.1/platform-linux/lib/gcc/x86_64-pc-linux-gnu/6.3.1/include-fixed] ==> [/home/jsenouf/workspace/local/rez/packages/gcc/6.3.1/platform-linux/lib/gcc/x86_64-pc-linux-gnu/6.3.1/include-fixed]
  collapse include dir [/usr/include] ==> [/usr/include]
  implicit include dirs: [/home/jsenouf/workspace/local/rez/packages/gcc/6.3.1/platform-linux/include/c++/6.3.1;/home/jsenouf/workspace/local/rez/packages/gcc/6.3.1/platform-linux/include/c++/6.3.1/x86_64-pc-linux-gnu;/home/jsenouf/workspace/local/rez/packages/gcc/6.3.1/platform-linux/include/c++/6.3.1/backward;/home/jsenouf/workspace/local/rez/packages/gcc/6.3.1/platform-linux/lib/gcc/x86_64-pc-linux-gnu/6.3.1/include;/usr/local/include;/home/jsenouf/workspace/local/rez/packages/gcc/6.3.1/platform-linux/include;/home/jsenouf/workspace/local/rez/packages/gcc/6.3.1/platform-linux/lib/gcc/x86_64-pc-linux-gnu/6.3.1/include-fixed;/usr/include]


Parsed CXX implicit link information from above output:
  link line regex: [^( *|.*[/\])(ld|CMAKE_LINK_STARTFILE-NOTFOUND|([^/\]+-)?ld|collect2)[^/\]*( |$)]
  ignore line: [Change Dir: /home/jsenouf/workspace/git/web/katana-ops/rez/build/platform-linux/CMakeFiles/CMakeTmp]
  ignore line: []
  ignore line: [Run Build Command(s):/usr/bin/gmake cmTC_446be/fast && /usr/bin/gmake -f CMakeFiles/cmTC_446be.dir/build.make CMakeFiles/cmTC_446be.dir/build]
  ignore line: [gmake[1]: Entering directory `/home/jsenouf/workspace/git/web/katana-ops/rez/build/platform-linux/CMakeFiles/CMakeTmp']
  ignore line: [Building CXX object CMakeFiles/cmTC_446be.dir/CMakeCXXCompilerABI.cpp.o]
  ignore line: [/home/jsenouf/workspace/local/rez/packages/gcc/6.3.1/platform-linux/bin/g++    -v -o CMakeFiles/cmTC_446be.dir/CMakeCXXCompilerABI.cpp.o -c /home/jsenouf/workspace/local/rez/packages/cmake/3.15.3/platform-linux/share/cmake-3.15/Modules/CMakeCXXCompilerABI.cpp]
  ignore line: [Using built-in specs.]
  ignore line: [COLLECT_GCC=/home/jsenouf/workspace/local/rez/packages/gcc/6.3.1/platform-linux/bin/g++]
  ignore line: [Target: x86_64-pc-linux-gnu]
  ignore line: [Configured with: /tmp/rez/gcc/6.3.1/configure --prefix=/home/jsenouf/workspace/local/rez/packages/gcc/6.3.1/platform-linux --enable-languages=c,c++ --with-pic --disable-multilib --disable-bootstrap --enable-threads=posix]
  ignore line: [Thread model: posix]
  ignore line: [gcc version 6.3.1 20170216 (GCC) ]
  ignore line: [COLLECT_GCC_OPTIONS='-v' '-o' 'CMakeFiles/cmTC_446be.dir/CMakeCXXCompilerABI.cpp.o' '-c' '-shared-libgcc' '-mtune=generic' '-march=x86-64']
  ignore line: [ /home/jsenouf/workspace/local/rez/packages/gcc/6.3.1/platform-linux/libexec/gcc/x86_64-pc-linux-gnu/6.3.1/cc1plus -quiet -v -D_GNU_SOURCE /home/jsenouf/workspace/local/rez/packages/cmake/3.15.3/platform-linux/share/cmake-3.15/Modules/CMakeCXXCompilerABI.cpp -quiet -dumpbase CMakeCXXCompilerABI.cpp -mtune=generic -march=x86-64 -auxbase-strip CMakeFiles/cmTC_446be.dir/CMakeCXXCompilerABI.cpp.o -version -o /tmp/ccCAdKcb.s]
  ignore line: [GNU C++14 (GCC) version 6.3.1 20170216 (x86_64-pc-linux-gnu)]
  ignore line: [	compiled by GNU C version 4.8.5 20150623 (Red Hat 4.8.5-36), GMP version 6.1.0, MPFR version 3.1.4, MPC version 1.0.3, isl version 0.15]
  ignore line: [GGC heuristics: --param ggc-min-expand=100 --param ggc-min-heapsize=131072]
  ignore line: [ignoring nonexistent directory "/home/jsenouf/workspace/local/rez/packages/gcc/6.3.1/platform-linux/lib/gcc/x86_64-pc-linux-gnu/6.3.1/../../../../x86_64-pc-linux-gnu/include"]
  ignore line: [#include "..." search starts here:]
  ignore line: [#include <...> search starts here:]
  ignore line: [ /home/jsenouf/workspace/local/rez/packages/gcc/6.3.1/platform-linux/lib/gcc/x86_64-pc-linux-gnu/6.3.1/../../../../include/c++/6.3.1]
  ignore line: [ /home/jsenouf/workspace/local/rez/packages/gcc/6.3.1/platform-linux/lib/gcc/x86_64-pc-linux-gnu/6.3.1/../../../../include/c++/6.3.1/x86_64-pc-linux-gnu]
  ignore line: [ /home/jsenouf/workspace/local/rez/packages/gcc/6.3.1/platform-linux/lib/gcc/x86_64-pc-linux-gnu/6.3.1/../../../../include/c++/6.3.1/backward]
  ignore line: [ /home/jsenouf/workspace/local/rez/packages/gcc/6.3.1/platform-linux/lib/gcc/x86_64-pc-linux-gnu/6.3.1/include]
  ignore line: [ /usr/local/include]
  ignore line: [ /home/jsenouf/workspace/local/rez/packages/gcc/6.3.1/platform-linux/include]
  ignore line: [ /home/jsenouf/workspace/local/rez/packages/gcc/6.3.1/platform-linux/lib/gcc/x86_64-pc-linux-gnu/6.3.1/include-fixed]
  ignore line: [ /usr/include]
  ignore line: [End of search list.]
  ignore line: [GNU C++14 (GCC) version 6.3.1 20170216 (x86_64-pc-linux-gnu)]
  ignore line: [	compiled by GNU C version 4.8.5 20150623 (Red Hat 4.8.5-36), GMP version 6.1.0, MPFR version 3.1.4, MPC version 1.0.3, isl version 0.15]
  ignore line: [GGC heuristics: --param ggc-min-expand=100 --param ggc-min-heapsize=131072]
  ignore line: [Compiler executable checksum: 08cf5117915a62051f6bdf3e2e0f498c]
  ignore line: [COLLECT_GCC_OPTIONS='-v' '-o' 'CMakeFiles/cmTC_446be.dir/CMakeCXXCompilerABI.cpp.o' '-c' '-shared-libgcc' '-mtune=generic' '-march=x86-64']
  ignore line: [ as -v --64 -o CMakeFiles/cmTC_446be.dir/CMakeCXXCompilerABI.cpp.o /tmp/ccCAdKcb.s]
  ignore line: [GNU assembler version 2.27 (x86_64-redhat-linux) using BFD version version 2.27-34.base.el7]
  ignore line: [COMPILER_PATH=/home/jsenouf/workspace/local/rez/packages/gcc/6.3.1/platform-linux/libexec/gcc/x86_64-pc-linux-gnu/6.3.1/:/home/jsenouf/workspace/local/rez/packages/gcc/6.3.1/platform-linux/libexec/gcc/x86_64-pc-linux-gnu/6.3.1/:/home/jsenouf/workspace/local/rez/packages/gcc/6.3.1/platform-linux/libexec/gcc/x86_64-pc-linux-gnu/:/home/jsenouf/workspace/local/rez/packages/gcc/6.3.1/platform-linux/lib/gcc/x86_64-pc-linux-gnu/6.3.1/:/home/jsenouf/workspace/local/rez/packages/gcc/6.3.1/platform-linux/lib/gcc/x86_64-pc-linux-gnu/]
  ignore line: [LIBRARY_PATH=/home/jsenouf/workspace/local/rez/packages/gcc/6.3.1/platform-linux/lib/gcc/x86_64-pc-linux-gnu/6.3.1/:/home/jsenouf/workspace/local/rez/packages/gcc/6.3.1/platform-linux/lib/gcc/x86_64-pc-linux-gnu/6.3.1/../../../../lib64/:/lib/../lib64/:/usr/lib/../lib64/:/home/jsenouf/workspace/local/rez/packages/gcc/6.3.1/platform-linux/lib/gcc/x86_64-pc-linux-gnu/6.3.1/../../../:/lib/:/usr/lib/]
  ignore line: [COLLECT_GCC_OPTIONS='-v' '-o' 'CMakeFiles/cmTC_446be.dir/CMakeCXXCompilerABI.cpp.o' '-c' '-shared-libgcc' '-mtune=generic' '-march=x86-64']
  ignore line: [Linking CXX executable cmTC_446be]
  ignore line: [/home/jsenouf/workspace/local/rez/packages/cmake/3.15.3/platform-linux/bin/cmake -E cmake_link_script CMakeFiles/cmTC_446be.dir/link.txt --verbose=1]
  ignore line: [/home/jsenouf/workspace/local/rez/packages/gcc/6.3.1/platform-linux/bin/g++      -v -rdynamic CMakeFiles/cmTC_446be.dir/CMakeCXXCompilerABI.cpp.o  -o cmTC_446be ]
  ignore line: [Using built-in specs.]
  ignore line: [COLLECT_GCC=/home/jsenouf/workspace/local/rez/packages/gcc/6.3.1/platform-linux/bin/g++]
  ignore line: [COLLECT_LTO_WRAPPER=/home/jsenouf/workspace/local/rez/packages/gcc/6.3.1/platform-linux/libexec/gcc/x86_64-pc-linux-gnu/6.3.1/lto-wrapper]
  ignore line: [Target: x86_64-pc-linux-gnu]
  ignore line: [Configured with: /tmp/rez/gcc/6.3.1/configure --prefix=/home/jsenouf/workspace/local/rez/packages/gcc/6.3.1/platform-linux --enable-languages=c,c++ --with-pic --disable-multilib --disable-bootstrap --enable-threads=posix]
  ignore line: [Thread model: posix]
  ignore line: [gcc version 6.3.1 20170216 (GCC) ]
  ignore line: [COMPILER_PATH=/home/jsenouf/workspace/local/rez/packages/gcc/6.3.1/platform-linux/libexec/gcc/x86_64-pc-linux-gnu/6.3.1/:/home/jsenouf/workspace/local/rez/packages/gcc/6.3.1/platform-linux/libexec/gcc/x86_64-pc-linux-gnu/6.3.1/:/home/jsenouf/workspace/local/rez/packages/gcc/6.3.1/platform-linux/libexec/gcc/x86_64-pc-linux-gnu/:/home/jsenouf/workspace/local/rez/packages/gcc/6.3.1/platform-linux/lib/gcc/x86_64-pc-linux-gnu/6.3.1/:/home/jsenouf/workspace/local/rez/packages/gcc/6.3.1/platform-linux/lib/gcc/x86_64-pc-linux-gnu/]
  ignore line: [LIBRARY_PATH=/home/jsenouf/workspace/local/rez/packages/gcc/6.3.1/platform-linux/lib/gcc/x86_64-pc-linux-gnu/6.3.1/:/home/jsenouf/workspace/local/rez/packages/gcc/6.3.1/platform-linux/lib/gcc/x86_64-pc-linux-gnu/6.3.1/../../../../lib64/:/lib/../lib64/:/usr/lib/../lib64/:/home/jsenouf/workspace/local/rez/packages/gcc/6.3.1/platform-linux/lib/gcc/x86_64-pc-linux-gnu/6.3.1/../../../:/lib/:/usr/lib/]
  ignore line: [COLLECT_GCC_OPTIONS='-v' '-rdynamic' '-o' 'cmTC_446be' '-shared-libgcc' '-mtune=generic' '-march=x86-64']
  link line: [ /home/jsenouf/workspace/local/rez/packages/gcc/6.3.1/platform-linux/libexec/gcc/x86_64-pc-linux-gnu/6.3.1/collect2 -plugin /home/jsenouf/workspace/local/rez/packages/gcc/6.3.1/platform-linux/libexec/gcc/x86_64-pc-linux-gnu/6.3.1/liblto_plugin.so -plugin-opt=/home/jsenouf/workspace/local/rez/packages/gcc/6.3.1/platform-linux/libexec/gcc/x86_64-pc-linux-gnu/6.3.1/lto-wrapper -plugin-opt=-fresolution=/tmp/ccVGff6c.res -plugin-opt=-pass-through=-lgcc_s -plugin-opt=-pass-through=-lgcc -plugin-opt=-pass-through=-lc -plugin-opt=-pass-through=-lgcc_s -plugin-opt=-pass-through=-lgcc --eh-frame-hdr -m elf_x86_64 -export-dynamic -dynamic-linker /lib64/ld-linux-x86-64.so.2 -o cmTC_446be /lib/../lib64/crt1.o /lib/../lib64/crti.o /home/jsenouf/workspace/local/rez/packages/gcc/6.3.1/platform-linux/lib/gcc/x86_64-pc-linux-gnu/6.3.1/crtbegin.o -L/home/jsenouf/workspace/local/rez/packages/gcc/6.3.1/platform-linux/lib/gcc/x86_64-pc-linux-gnu/6.3.1 -L/home/jsenouf/workspace/local/rez/packages/gcc/6.3.1/platform-linux/lib/gcc/x86_64-pc-linux-gnu/6.3.1/../../../../lib64 -L/lib/../lib64 -L/usr/lib/../lib64 -L/home/jsenouf/workspace/local/rez/packages/gcc/6.3.1/platform-linux/lib/gcc/x86_64-pc-linux-gnu/6.3.1/../../.. CMakeFiles/cmTC_446be.dir/CMakeCXXCompilerABI.cpp.o -lstdc++ -lm -lgcc_s -lgcc -lc -lgcc_s -lgcc /home/jsenouf/workspace/local/rez/packages/gcc/6.3.1/platform-linux/lib/gcc/x86_64-pc-linux-gnu/6.3.1/crtend.o /lib/../lib64/crtn.o]
    arg [/home/jsenouf/workspace/local/rez/packages/gcc/6.3.1/platform-linux/libexec/gcc/x86_64-pc-linux-gnu/6.3.1/collect2] ==> ignore
    arg [-plugin] ==> ignore
    arg [/home/jsenouf/workspace/local/rez/packages/gcc/6.3.1/platform-linux/libexec/gcc/x86_64-pc-linux-gnu/6.3.1/liblto_plugin.so] ==> ignore
    arg [-plugin-opt=/home/jsenouf/workspace/local/rez/packages/gcc/6.3.1/platform-linux/libexec/gcc/x86_64-pc-linux-gnu/6.3.1/lto-wrapper] ==> ignore
    arg [-plugin-opt=-fresolution=/tmp/ccVGff6c.res] ==> ignore
    arg [-plugin-opt=-pass-through=-lgcc_s] ==> ignore
    arg [-plugin-opt=-pass-through=-lgcc] ==> ignore
    arg [-plugin-opt=-pass-through=-lc] ==> ignore
    arg [-plugin-opt=-pass-through=-lgcc_s] ==> ignore
    arg [-plugin-opt=-pass-through=-lgcc] ==> ignore
    arg [--eh-frame-hdr] ==> ignore
    arg [-m] ==> ignore
    arg [elf_x86_64] ==> ignore
    arg [-export-dynamic] ==> ignore
    arg [-dynamic-linker] ==> ignore
    arg [/lib64/ld-linux-x86-64.so.2] ==> ignore
    arg [-o] ==> ignore
    arg [cmTC_446be] ==> ignore
    arg [/lib/../lib64/crt1.o] ==> ignore
    arg [/lib/../lib64/crti.o] ==> ignore
    arg [/home/jsenouf/workspace/local/rez/packages/gcc/6.3.1/platform-linux/lib/gcc/x86_64-pc-linux-gnu/6.3.1/crtbegin.o] ==> ignore
    arg [-L/home/jsenouf/workspace/local/rez/packages/gcc/6.3.1/platform-linux/lib/gcc/x86_64-pc-linux-gnu/6.3.1] ==> dir [/home/jsenouf/workspace/local/rez/packages/gcc/6.3.1/platform-linux/lib/gcc/x86_64-pc-linux-gnu/6.3.1]
    arg [-L/home/jsenouf/workspace/local/rez/packages/gcc/6.3.1/platform-linux/lib/gcc/x86_64-pc-linux-gnu/6.3.1/../../../../lib64] ==> dir [/home/jsenouf/workspace/local/rez/packages/gcc/6.3.1/platform-linux/lib/gcc/x86_64-pc-linux-gnu/6.3.1/../../../../lib64]
    arg [-L/lib/../lib64] ==> dir [/lib/../lib64]
    arg [-L/usr/lib/../lib64] ==> dir [/usr/lib/../lib64]
    arg [-L/home/jsenouf/workspace/local/rez/packages/gcc/6.3.1/platform-linux/lib/gcc/x86_64-pc-linux-gnu/6.3.1/../../..] ==> dir [/home/jsenouf/workspace/local/rez/packages/gcc/6.3.1/platform-linux/lib/gcc/x86_64-pc-linux-gnu/6.3.1/../../..]
    arg [CMakeFiles/cmTC_446be.dir/CMakeCXXCompilerABI.cpp.o] ==> ignore
    arg [-lstdc++] ==> lib [stdc++]
    arg [-lm] ==> lib [m]
    arg [-lgcc_s] ==> lib [gcc_s]
    arg [-lgcc] ==> lib [gcc]
    arg [-lc] ==> lib [c]
    arg [-lgcc_s] ==> lib [gcc_s]
    arg [-lgcc] ==> lib [gcc]
    arg [/home/jsenouf/workspace/local/rez/packages/gcc/6.3.1/platform-linux/lib/gcc/x86_64-pc-linux-gnu/6.3.1/crtend.o] ==> ignore
    arg [/lib/../lib64/crtn.o] ==> ignore
  collapse library dir [/home/jsenouf/workspace/local/rez/packages/gcc/6.3.1/platform-linux/lib/gcc/x86_64-pc-linux-gnu/6.3.1] ==> [/home/jsenouf/workspace/local/rez/packages/gcc/6.3.1/platform-linux/lib/gcc/x86_64-pc-linux-gnu/6.3.1]
  collapse library dir [/home/jsenouf/workspace/local/rez/packages/gcc/6.3.1/platform-linux/lib/gcc/x86_64-pc-linux-gnu/6.3.1/../../../../lib64] ==> [/home/jsenouf/workspace/local/rez/packages/gcc/6.3.1/platform-linux/lib64]
  collapse library dir [/lib/../lib64] ==> [/lib64]
  collapse library dir [/usr/lib/../lib64] ==> [/usr/lib64]
  collapse library dir [/home/jsenouf/workspace/local/rez/packages/gcc/6.3.1/platform-linux/lib/gcc/x86_64-pc-linux-gnu/6.3.1/../../..] ==> [/home/jsenouf/workspace/local/rez/packages/gcc/6.3.1/platform-linux/lib]
  implicit libs: [stdc++;m;gcc_s;gcc;c;gcc_s;gcc]
  implicit dirs: [/home/jsenouf/workspace/local/rez/packages/gcc/6.3.1/platform-linux/lib/gcc/x86_64-pc-linux-gnu/6.3.1;/home/jsenouf/workspace/local/rez/packages/gcc/6.3.1/platform-linux/lib64;/lib64;/usr/lib64;/home/jsenouf/workspace/local/rez/packages/gcc/6.3.1/platform-linux/lib]
  implicit fwks: []


